__________________________________________________________________________

Sat Jul 13 13:21:37 CEST 2019

Free Memory: 34642 kB
Total Memory: 73280 kB

java.class.path:
    /tmp/install.dir.27654/InstallerData
    /tmp/install.dir.27654/InstallerData/installer.zip

ZGUtil.CLASS_PATH:
    /tmp/install.dir.27654/InstallerData
    /tmp/install.dir.27654/InstallerData/installer.zip

sun.boot.class.path:
    /tmp/install.dir.27654/Linux/resource/jre/lib/rt.jar
    /tmp/install.dir.27654/Linux/resource/jre/lib/i18n.jar
    /tmp/install.dir.27654/Linux/resource/jre/lib/sunrsasign.jar
    /tmp/install.dir.27654/Linux/resource/jre/lib/jsse.jar
    /tmp/install.dir.27654/Linux/resource/jre/lib/jce.jar
    /tmp/install.dir.27654/Linux/resource/jre/lib/charsets.jar
    /tmp/install.dir.27654/Linux/resource/jre/classes

java.ext.dirs:
    /tmp/install.dir.27654/Linux/resource/jre/lib/ext

java.version                  == 1.5.0_09 (Java 2+)
java.vm.name                  == Java HotSpot(TM) Server VM
java.vm.vendor                == Sun Microsystems Inc.
java.vm.version               == 1.5.0_09-b03
java.vm.specification.name    == Java Virtual Machine Specification
java.vm.specification.vendor  == Sun Microsystems Inc.
java.vm.specification.version == 1.0
java.specification.name       == Java Platform API Specification
java.specification.vendor     == Sun Microsystems Inc.
java.specification.version    == 1.5
java.vendor                   == Sun Microsystems Inc.
java.vendor.url               == http://java.sun.com/
java.class.version            == 49.0
java.compiler                 == null
java.home                     == /tmp/install.dir.27654/Linux/resource/jre
java.io.tmpdir                == /tmp
os.name                       == Linux
os.arch                       == i386
os.version                    == 4.18.0-25-generic
path.separator                == :
file.separator                == /
file.encoding                 == UTF-8
user.name                     == silvere
user.home                     == /home/silvere
user.dir                      == /tmp/install.dir.27654
user.language                 == de
user.region                   == null
__________________________________________________________________________

Install Begin: Sat Jul 13 13:18:46 CEST 2019
Install End: Sat Jul 13 13:21:12 CEST 2019

Installed by InstallAnywhere 9.0 Enterprise Build 3428, by Macrovision

INSTALLATION WAS CANCELLED BY USER DURING PRE-INSTALLATION

User Interactions
-----------------


#Choose Install Folder
#---------------------
USER_INSTALL_DIR=/opt/toolchain/arm

Summary
-------

Installation: Cancelledduring pre-install.

14 Successes
0 Warnings
0 NonFatalErrors
0 FatalErrors

Action Notes:

None

Install Log Detail:

Install Action:           InstallAnywhere Variable
                          Status: SUCCESSFUL

Install Action:           InstallAnywhere Variable
                          Status: SUCCESSFUL

Install Action:           InstallAnywhere Variable
                          Status: SUCCESSFUL

Install Action:           InstallAnywhere Variable
                          Status: SUCCESSFUL

Install Action:           InstallAnywhere Variable
                          Status: SUCCESSFUL

Install Action:           Find Component in Registry: <Comment>
                          Status: SUCCESSFUL

Install Action:           Find Component in Registry: <Comment>
                          Status: SUCCESSFUL

Install Action:           Find Component in Registry: <Comment>
                          Status: SUCCESSFUL

Install Action:           Find Component in Registry: <Comment>
                          Status: SUCCESSFUL

Install Action:           Find Component in Registry: <Comment>
                          Status: SUCCESSFUL

Install Action:           Find Component in Registry: <Comment>
                          Status: SUCCESSFUL

Install Action:           InstallAnywhere Variable
                          Status: SUCCESSFUL

Install Action:           InstallAnywhere Variable
                          Status: SUCCESSFUL

Install Action:           InstallAnywhere Variable
                          Status: SUCCESSFUL

INSTALLATION WAS CANCELLED BY USER DURING PRE-INSTALLATION
